<?xml version="1.0" encoding="UTF-8"?>
<testsuites>
  <testsuite name="" tests="3" assertions="1" failures="1" errors="1" time="81.349450">
    <testsuite name="forms_tests" tests="1" assertions="0" failures="0" errors="0" time="1.403233">
      <testsuite name="testing\library\FormsTesting\FormsTest" file="/var/www/html/MEINEKE_GENERATE_TEST_CLASSES/tests/library/FormsTesting/FormsTest.php" tests="1" assertions="0" failures="0" errors="0" time="1.403233">
        <testcase name="testForms" class="testing\library\FormsTesting\FormsTest" file="/var/www/html/MEINEKE_GENERATE_TEST_CLASSES/tests/library/FormsTesting/FormsTest.php" line="17" assertions="0" time="1.403233"/>
      </testsuite>
    </testsuite>
    <testsuite name="run_tests" tests="2" assertions="1" failures="1" errors="1" time="79.946217">
      <testsuite name="built_tests\Form_193fdc35e4fc3e598666a93507676f32Test" file="/var/www/html/MEINEKE_GENERATE_TEST_CLASSES/built_tests/Form_193fdc35e4fc3e598666a93507676f32Test.php" tests="1" assertions="0" failures="0" errors="1" time="64.839869">
        <testcase name="testValidFormSubmission" class="built_tests\Form_193fdc35e4fc3e598666a93507676f32Test" file="/var/www/html/MEINEKE_GENERATE_TEST_CLASSES/built_tests/Form_193fdc35e4fc3e598666a93507676f32Test.php" line="127" assertions="0" time="64.839869">
          <error type="PHPUnit_Framework_ExceptionWrapper">built_tests\Form_193fdc35e4fc3e598666a93507676f32Test::testValidFormSubmission
Facebook\WebDriver\Exception\WebDriverCurlException: Curl error thrown for http POST to /session/c05667b9-8de5-4268-a2cd-28f62345d566/execute with params: {"script":"  \n        \n         var address = document.querySelectorAll('[name=\"address\"]');\n var city = document.querySelectorAll('[name=\"city\"]');\n var dateMonth = document.querySelectorAll('[name=\"dateMonth\"]');\n var dateDay = document.querySelectorAll('[name=\"dateDay\"]');\n var dateYear = document.querySelectorAll('[name=\"dateYear\"]');\n var buildingSize = document.querySelectorAll('[name=\"buildingSize\"]');\n var buildingDepth = document.querySelectorAll('[name=\"buildingDepth\"]');\n var salePrice = document.querySelectorAll('[name=\"salePrice\"]');\n var landSizeSqFt = document.querySelectorAll('[name=\"landSizeSqFt\"]');\n var buildingLength = document.querySelectorAll('[name=\"buildingLength\"]');\n var landSize = document.querySelectorAll('[name=\"landSize\"]');\n var leaseRate = document.querySelectorAll('[name=\"leaseRate\"]');\n var propertyTaxes = document.querySelectorAll('[name=\"propertyTaxes\"]');\n var contactFirstName = document.querySelectorAll('[name=\"contactFirstName\"]');\n var contactLastName = document.querySelectorAll('[name=\"contactLastName\"]');\n var contactEmail = document.querySelectorAll('[name=\"contactEmail\"]');\n var contactPhone = document.querySelectorAll('[name=\"contactPhone\"]');\n  \n         var state = document.querySelectorAll('[name=\"state\"]');\n var zonedAuto = document.querySelectorAll('[name=\"zonedAuto\"]');\n\n        for (i = 0; i &lt; address.length; i++) {\n                    address[i].value = \"Texas, Houston\";\n            }\nfor (i = 0; i &lt; city.length; i++) {\n                    city[i].value = \"houston\";\n            }\nfor (i = 0; i &lt; dateMonth.length; i++) {\n                    dateMonth[i].value = \"5\";\n            }\nfor (i = 0; i &lt; dateDay.length; i++) {\n                    dateDay[i].value = \"5\";\n            }\nfor (i = 0; i &lt; dateYear.length; i++) {\n                    dateYear[i].value = \"2017\";\n            }\nfor (i = 0; i &lt; buildingSize.length; i++) {\n                    buildingSize[i].value = \"500\";\n            }\nfor (i = 0; i &lt; buildingDepth.length; i++) {\n                    buildingDepth[i].value = \"1000\";\n            }\nfor (i = 0; i &lt; salePrice.length; i++) {\n                    salePrice[i].value = \"500\";\n            }\nfor (i = 0; i &lt; landSizeSqFt.length; i++) {\n                    landSizeSqFt[i].value = \"300\";\n            }\nfor (i = 0; i &lt; buildingLength.length; i++) {\n                    buildingLength[i].value = \"1000\";\n            }\nfor (i = 0; i &lt; landSize.length; i++) {\n                    landSize[i].value = \"300\";\n            }\nfor (i = 0; i &lt; leaseRate.length; i++) {\n                    leaseRate[i].value = \"one\";\n            }\nfor (i = 0; i &lt; propertyTaxes.length; i++) {\n                    propertyTaxes[i].value = \"multiple\";\n            }\nfor (i = 0; i &lt; contactFirstName.length; i++) {\n                    contactFirstName[i].value = \"ovidiu\";\n            }\nfor (i = 0; i &lt; contactLastName.length; i++) {\n                    contactLastName[i].value = \"dragoi\";\n            }\nfor (i = 0; i &lt; contactEmail.length; i++) {\n                    contactEmail[i].value = \"dragoi__tes__ovidiu2011@yahoo.com\";\n            }\nfor (i = 0; i &lt; contactPhone.length; i++) {\n                    contactPhone[i].value = \"0749620628\";\n            }\n    \n        for (i = 0; i &lt; state.length; i++) {\n                    state.options[i].selected = true;\n            }\nfor (i = 0; i &lt; zonedAuto.length; i++) {\n                    zonedAuto.options[i].selected = true;\n            }\n    \n        \n        var button = document.getElementsByTagName('button');\n        for (var i = 0; i &lt; button.length; i++) {\n          if (button[i].innerHTML === 'Submit') {\n            button[i].click();\n          }\n        }","args":[]}

Operation timed out after 30001 milliseconds with 0 bytes received

/var/www/html/MEINEKE_GENERATE_TEST_CLASSES/vendor/facebook/webdriver/lib/Exception/WebDriverException.php:92
/var/www/html/MEINEKE_GENERATE_TEST_CLASSES/vendor/facebook/webdriver/lib/Remote/HttpCommandExecutor.php:320
/var/www/html/MEINEKE_GENERATE_TEST_CLASSES/vendor/facebook/webdriver/lib/Remote/RemoteWebDriver.php:547
/var/www/html/MEINEKE_GENERATE_TEST_CLASSES/vendor/facebook/webdriver/lib/Remote/RemoteWebDriver.php:302
/var/www/html/MEINEKE_GENERATE_TEST_CLASSES/built_tests/Form_193fdc35e4fc3e598666a93507676f32Test.php:121
/var/www/html/MEINEKE_GENERATE_TEST_CLASSES/built_tests/Form_193fdc35e4fc3e598666a93507676f32Test.php:129
</error>
        </testcase>
      </testsuite>
      <testsuite name="built_tests\Form_98380ed1262d71283a97a3e05bee5668Test" file="/var/www/html/MEINEKE_GENERATE_TEST_CLASSES/built_tests/Form_98380ed1262d71283a97a3e05bee5668Test.php" tests="1" assertions="1" failures="1" errors="0" time="15.106348">
        <testcase name="testValidFormSubmission" class="built_tests\Form_98380ed1262d71283a97a3e05bee5668Test" file="/var/www/html/MEINEKE_GENERATE_TEST_CLASSES/built_tests/Form_98380ed1262d71283a97a3e05bee5668Test.php" line="59" assertions="1" time="15.106348">
          <failure type="PHPUnit_Framework_ExpectationFailedException">built_tests\Form_98380ed1262d71283a97a3e05bee5668Test::testValidFormSubmission
Failed asserting that two strings are equal.
--- Expected
+++ Actual
@@ @@
-'Everything is Good!'
+'SIGN IN
+Not Registered?
+
+Find
+SUBMIT
+Locate me
+BOOK NOW
+TODAY
+10/14
+SATURDAY
+10/15
+SUNDAY
+10/16
+MONDAY
+10/17
+MORE
+Call Now
+1-800-MEINEKE
+COUPONS
+SERVICES
+LOCATIONS
+(CURRENT)
+REWARDS
+ABOUT
+FRANCHISE OPPORTUNITIES
+CUSTOMER SERVICE
+Your account is not active.
+RESEND ACTIVATION CODE
+MEMBER SIGN IN
+Sign in with Facebook
+Email
+Password
+Forgot password?
+SIGN IN
+
+Need an account? Register here
+LOCATIONS
+Featured
+Coming Soon
+COUPONS
+SERVICES
+ABOUT
+Meineke Credit Card
+Rewards
+Fleet Services
+Roadside Assistance
+Dictionary
+Meineke Careers
+Meineke International
+Sitemap
+COMMUNITY
+Meineke Blog
+Franchise Opportunities
+A Driven Brands Company
+Privacy Policy
+Web Accessibility
+CONNECT WITH MEINEKE!
+Facebook Twitter Youtube Google Plus
+DOWNLOAD THE MEINEKE APP
+EXPLORE NOW
+A FAMILY OF DRIVEN BRANDS'

/var/www/html/MEINEKE_GENERATE_TEST_CLASSES/built_tests/Form_98380ed1262d71283a97a3e05bee5668Test.php:64
</failure>
        </testcase>
      </testsuite>
    </testsuite>
  </testsuite>
</testsuites>
